
Showing logs for build [32mcb-kubecd-environment-pr-186-3-c7qzf-1[0m stage [32mfrom-build-pack[0m and container [32mstep-credential-initializer-f28cn[0m
{"level":"warn","ts":1584724237.7308712,"logger":"fallback-logger","caller":"logging/config.go:69","msg":"Fetch GitHub commit ID from kodata failed: \"ref: refs/heads/0.8.0-**-support-backwards-incompats\" is not a valid GitHub commit ID"}
{"level":"info","ts":1584724237.731218,"logger":"fallback-logger","caller":"creds-init/main.go:40","msg":"Credentials initialized."}

Showing logs for build [32mcb-kubecd-environment-pr-186-3-c7qzf-1[0m stage [32mfrom-build-pack[0m and container [32mstep-working-dir-initializer-ndc2r[0m
{"level":"warn","ts":1584724238.7684948,"logger":"fallback-logger","caller":"logging/config.go:69","msg":"Fetch GitHub commit ID from kodata failed: open /var/run/ko/HEAD: no such file or directory"}
{"level":"info","ts":1584724238.7694492,"logger":"fallback-logger","caller":"bash/main.go:64","msg":"Successfully executed command \"sh -c mkdir -p /workspace/source\"; output "}

Showing logs for build [32mcb-kubecd-environment-pr-186-3-c7qzf-1[0m stage [32mfrom-build-pack[0m and container [32mstep-place-tools[0m

Showing logs for build [32mcb-kubecd-environment-pr-186-3-c7qzf-1[0m stage [32mfrom-build-pack[0m and container [32mstep-git-source-cb-kubecd-environment-pr-186-3-c7qzf-24tf2[0m
{"level":"warn","ts":1584724242.8431,"logger":"fallback-logger","caller":"logging/config.go:69","msg":"Fetch GitHub commit ID from kodata failed: \"ref: refs/heads/0.8.0-**-support-backwards-incompats\" is not a valid GitHub commit ID"}
{"level":"info","ts":1584724243.0671172,"logger":"fallback-logger","caller":"git/git.go:103","msg":"Successfully cloned https://github.com/cb-kubecd/environment-pr-186-3-boot-eks-staging.git @ master in path /workspace/source"}

Showing logs for build [32mcb-kubecd-environment-pr-186-3-c7qzf-1[0m stage [32mfrom-build-pack[0m and container [32mstep-git-merge[0m
Using SHAs from PULL_REFS=master:306e00dcda9092b2b180f363eb57ddce12964e6e,1:f47062300bbb915775c42e14c3f180a23bdcfd7e
DEBUG: LC_ALL=C JX_LOG_LEVEL=error git fetch origin --unshallow f47062300bbb915775c42e14c3f180a23bdcfd7e: 306e00dcda9092b2b180f363eb57ddce12964e6e:
DEBUG: ran git fetch --unshallow origin f47062300bbb915775c42e14c3f180a23bdcfd7e: 306e00dcda9092b2b180f363eb57ddce12964e6e: in 
DEBUG: LC_ALL=C JX_LOG_LEVEL=error git branch
DEBUG: LC_ALL=C JX_LOG_LEVEL=error git checkout master
DEBUG: ran git checkout master in 
DEBUG: LC_ALL=C JX_LOG_LEVEL=error git reset --hard 306e00dcda9092b2b180f363eb57ddce12964e6e
DEBUG: ran git reset --hard 306e00dcda9092b2b180f363eb57ddce12964e6e in 
DEBUG: LC_ALL=C JX_LOG_LEVEL=error git clean -fd .
DEBUG: ran clean --force -d . in 
DEBUG: LC_ALL=C JX_LOG_LEVEL=error git merge f47062300bbb915775c42e14c3f180a23bdcfd7e
DEBUG: ran git merge f47062300bbb915775c42e14c3f180a23bdcfd7e in 
DEBUG: LC_ALL=C JX_LOG_LEVEL=error git log --format=%H%x1f%an%x1f%ae%x1f%cn%x1f%ce%x1f%s%n%b%x1e 306e00dcda9092b2b180f363eb57ddce12964e6e..HEAD
Merged SHA f47062300bbb915775c42e14c3f180a23bdcfd7e with commit message 'chore: Promote bdd-spring-1584723904 to version 0.0.1' into base branch master

Showing logs for build [32mcb-kubecd-environment-pr-186-3-c7qzf-1[0m stage [32mfrom-build-pack[0m and container [32mstep-build-helm-build[0m
WARNING: No $CHART_REPOSITORY defined so using the default value of: http://jenkins-x-chartmuseum:8080
Adding missing Helm repo: storage.googleapis.com https://storage.googleapis.com/chartmuseum.jenkins-x.io
WARNING: No secrets found on "helm/repos" due: reading the secret "helm/repos" from vault: no secret "helm/repos" not found in vault
Read credentials for https://storage.googleapis.com/chartmuseum.jenkins-x.io from vault helm/repos
Successfully added Helm repository storage.googleapis.com.
Adding missing Helm repo: jenkins-x-chartmuseum http://jenkins-x-chartmuseum:8080
WARNING: No secrets found on "helm/repos" due: reading the secret "helm/repos" from vault: no secret "helm/repos" not found in vault
Read credentials for http://jenkins-x-chartmuseum:8080 from vault helm/repos
Successfully added Helm repository jenkins-x-chartmuseum.
WARNING: No $CHART_REPOSITORY defined so using the default value of: http://jenkins-x-chartmuseum:8080
Adding missing Helm repo: chartmuseum.jenkins-x.io http://chartmuseum.jenkins-x.io
WARNING: No secrets found on "helm/repos" due: reading the secret "helm/repos" from vault: no secret "helm/repos" not found in vault
Read credentials for http://chartmuseum.jenkins-x.io from vault helm/repos
Successfully added Helm repository chartmuseum.jenkins-x.io.
